<?xml version="1.0" encoding="UTF-8"?>
<!-- Generated by org.testng.reporters.JUnitXMLReporter -->
<testsuite ignored="0" hostname="LAPTOP-N9CFEN98" failures="0" tests="1" name="Target Web Automation" time="0.18" errors="0" timestamp="2022-07-15T01:27:56 EDT">
  <testcase classname="configuration.common.WebTestBase" name="@BeforeMethod setUp" time="0.011">
    <failure type="java.lang.NullPointerException">
      <![CDATA[java.lang.NullPointerException
at configuration.common.WebTestBase.setUp(WebTestBase.java:42)
at java.base/java.util.ArrayList.forEach(ArrayList.java:1541)
... Removed 35 stack frames]]>
    </failure>
  </testcase> <!-- @BeforeMethod setUp -->
  <testcase classname="configuration.common.WebTestBase" name="@AfterTest tearDownAutomation" time="0.003">
    <failure type="java.lang.NullPointerException">
      <![CDATA[java.lang.NullPointerException
at configuration.common.WebTestBase.tearDownAutomation(WebTestBase.java:28)
... Removed 28 stack frames]]>
    </failure>
  </testcase> <!-- @AfterTest tearDownAutomation -->
  <testcase classname="com.target.testPages.HomePageTest.HomePageTest" name="verifySearchProductUsingValidProductName" time="0.0">
    <skipped/>
  </testcase> <!-- verifySearchProductUsingValidProductName -->
</testsuite> <!-- Target Web Automation -->
