<?xml version="1.0" encoding="UTF-8"?>
<!-- Generated by org.testng.reporters.JUnitReportReporter -->
<testsuite hostname="LAPTOP-N9CFEN98" failures="0" tests="6" name="com.target.testPages.HomePageTest.HomePageTest02" time="-1658634368.000" errors="1" timestamp="2022-07-23T23:45:45 EDT" skipped="5">
  <testcase classname="com.target.testPages.HomePageTest.HomePageTest02" name="verifySearchProductUsingValidProductName1" time="0.000">
    <skipped/>
  </testcase> <!-- verifySearchProductUsingValidProductName1 -->
  <system-out/>
  <testcase classname="com.target.testPages.HomePageTest.HomePageTest02" name="setUp" time="-1658634368.000">
    <error message="Index 6 out of bounds for length 6" type="java.lang.ArrayIndexOutOfBoundsException">
      <![CDATA[java.lang.ArrayIndexOutOfBoundsException: Index 6 out of bounds for length 6
at org.testng.internal.Parameters.createParams(Parameters.java:270)
at org.testng.internal.Parameters.createParametersForMethod(Parameters.java:355)
at org.testng.internal.Parameters.createParameters(Parameters.java:684)
at org.testng.internal.Parameters.createConfigurationParameters(Parameters.java:166)
at org.testng.internal.invokers.ConfigInvoker.invokeConfigurations(ConfigInvoker.java:277)
at org.testng.internal.invokers.TestInvoker.runConfigMethods(TestInvoker.java:816)
at org.testng.internal.invokers.TestInvoker.invokeMethod(TestInvoker.java:590)
at org.testng.internal.invokers.TestInvoker.invokeTestMethod(TestInvoker.java:221)
at org.testng.internal.invokers.MethodRunner.runInSequence(MethodRunner.java:50)
at org.testng.internal.invokers.TestInvoker$MethodInvocationAgent.invoke(TestInvoker.java:962)
at org.testng.internal.invokers.TestInvoker.invokeTestMethods(TestInvoker.java:194)
at org.testng.internal.invokers.TestMethodWorker.invokeTestMethods(TestMethodWorker.java:148)
at org.testng.internal.invokers.TestMethodWorker.run(TestMethodWorker.java:128)
at java.base/java.util.ArrayList.forEach(ArrayList.java:1541)
at org.testng.TestRunner.privateRun(TestRunner.java:806)
at org.testng.TestRunner.run(TestRunner.java:601)
at org.testng.SuiteRunner.runTest(SuiteRunner.java:433)
at org.testng.SuiteRunner.runSequentially(SuiteRunner.java:427)
at org.testng.SuiteRunner.privateRun(SuiteRunner.java:387)
at org.testng.SuiteRunner.run(SuiteRunner.java:330)
at org.testng.SuiteRunnerWorker.runSuite(SuiteRunnerWorker.java:52)
at org.testng.SuiteRunnerWorker.run(SuiteRunnerWorker.java:95)
at org.testng.TestNG.runSuitesSequentially(TestNG.java:1256)
at org.testng.TestNG.runSuitesLocally(TestNG.java:1176)
at org.testng.TestNG.runSuites(TestNG.java:1099)
at org.testng.TestNG.run(TestNG.java:1067)
at org.apache.maven.surefire.testng.TestNGExecutor.run(TestNGExecutor.java:324)
at org.apache.maven.surefire.testng.TestNGXmlTestSuite.execute(TestNGXmlTestSuite.java:74)
at org.apache.maven.surefire.testng.TestNGProvider.invoke(TestNGProvider.java:123)
at org.apache.maven.surefire.booter.ForkedBooter.runSuitesInProcess(ForkedBooter.java:456)
at org.apache.maven.surefire.booter.ForkedBooter.execute(ForkedBooter.java:169)
at org.apache.maven.surefire.booter.ForkedBooter.run(ForkedBooter.java:595)
at org.apache.maven.surefire.booter.ForkedBooter.main(ForkedBooter.java:581)
]]>
    </error>
  </testcase> <!-- setUp -->
  <system-out/>
  <testcase classname="com.target.testPages.HomePageTest.HomePageTest02" name="verifySearchProductUsingValidProductNameFromDataProvider">
    <skipped/>
  </testcase> <!-- verifySearchProductUsingValidProductNameFromDataProvider -->
  <system-out/>
  <testcase classname="com.target.testPages.HomePageTest.HomePageTest02" name="verifySearchProductUsingValidProductNameFromExcel">
    <skipped/>
  </testcase> <!-- verifySearchProductUsingValidProductNameFromExcel -->
  <system-out/>
  <testcase classname="com.target.testPages.HomePageTest.HomePageTest02" name="verifySearchProductUsingValidProductNameFromDirectArray">
    <skipped/>
  </testcase> <!-- verifySearchProductUsingValidProductNameFromDirectArray -->
  <system-out/>
  <testcase classname="com.target.testPages.HomePageTest.HomePageTest02" name="verifySearchProductUsingValidProductName">
    <skipped/>
  </testcase> <!-- verifySearchProductUsingValidProductName -->
  <system-out/>
</testsuite> <!-- com.target.testPages.HomePageTest.HomePageTest02 -->
